<?xml version="1.0" encoding="UTF-8"?>
<!-- Generated by org.testng.reporters.JUnitReportReporter -->
<testsuite hostname="Kajali-DSG" name="grv1testSuite.TS003" tests="1" failures="0" timestamp="4 May 2017 11:52:35 GMT" time="255.559" errors="0">
  <testcase name="GRV1_TS003" time="255.559" classname="grv1testSuite.TS003"/>
</testsuite> <!-- grv1testSuite.TS003 -->
