<?xml version="1.0" encoding="UTF-8"?>
<!-- Generated by org.testng.reporters.JUnitReportReporter -->
<testsuite skipped="0" hostname="Manish-DSG" name="grv1.ClaimModule" tests="1" failures="0" timestamp="24 May 2017 11:38:07 GMT" time="119.922" errors="0">
  <testcase name="NaviagtetoClaim" time="119.922" classname="grv1.ClaimModule"/>
</testsuite> <!-- grv1.ClaimModule -->
