<?xml version="1.0" encoding="UTF-8"?>
<!-- Generated by org.testng.reporters.JUnitReportReporter -->
<testsuite hostname="Kajali-DSG" name="testSuites.TS008" tests="1" failures="0" timestamp="27 Apr 2017 07:30:29 GMT" time="142.002" errors="0">
  <testcase name="GRV1_TS008" time="142.002" classname="testSuites.TS008"/>
</testsuite> <!-- testSuites.TS008 -->
