<?xml version="1.0" encoding="UTF-8"?>
<!-- Generated by org.testng.reporters.JUnitReportReporter -->
<testsuite hostname="Manish-DSG" name="grv1.NewTest" tests="1" failures="0" timestamp="27 Apr 2017 10:17:46 GMT" time="6.660" errors="0">
  <testcase name="f" time="6.660" classname="grv1.NewTest"/>
</testsuite> <!-- grv1.NewTest -->
