<?xml version="1.0" encoding="UTF-8"?>
<!-- Generated by org.testng.reporters.JUnitReportReporter -->
<testsuite skipped="0" hostname="Manish-DSG" name="claims.ClaimModule" tests="2" failures="0" timestamp="25 Jul 2017 06:54:12 GMT" time="180.307" errors="0">
  <testcase name="NaviagtetoClaim" time="140.911" classname="claims.ClaimModule"/>
  <testcase name="scrutinylogin" time="39.396" classname="claims.ClaimModule"/>
</testsuite> <!-- claims.ClaimModule -->
