<?xml version="1.0" encoding="UTF-8"?>
<!-- Generated by org.testng.reporters.JUnitReportReporter -->
<testsuite hostname="Kajali-DSG" name="testSuites.TS007" tests="1" failures="0" timestamp="27 Apr 2017 06:59:09 GMT" time="175.476" errors="0">
  <testcase name="GRV1_TS007" time="175.476" classname="testSuites.TS007"/>
</testsuite> <!-- testSuites.TS007 -->
