<?xml version="1.0" encoding="UTF-8"?>
<!-- Generated by org.testng.reporters.JUnitReportReporter -->
<testsuite hostname="Kajali-DSG" name="grv1testSuite.TS008" tests="1" failures="0" timestamp="27 Apr 2017 08:52:26 GMT" time="222.084" errors="0">
  <testcase name="GRV1_TS009" time="222.084" classname="grv1testSuite.TS008"/>
</testsuite> <!-- grv1testSuite.TS008 -->
