<?xml version="1.0" encoding="UTF-8"?>
<!-- Generated by org.testng.reporters.JUnitReportReporter -->
<testsuite hostname="Kajali-DSG" name="grv1testSuite.TS001" tests="1" failures="0" timestamp="4 May 2017 11:29:56 GMT" time="137.414" errors="0">
  <testcase name="GRV1_TS001" time="137.414" classname="grv1testSuite.TS001"/>
</testsuite> <!-- grv1testSuite.TS001 -->
