<?xml version="1.0" encoding="UTF-8"?>
<!-- Generated by org.testng.reporters.JUnitReportReporter -->
<testsuite skipped="0" hostname="Manish-DSG" name="claims.TS_Claims_02" tests="1" failures="0" timestamp="29 May 2017 05:00:01 GMT" time="116.292" errors="0">
  <testcase name="abc" time="116.292" classname="claims.TS_Claims_02"/>
</testsuite> <!-- claims.TS_Claims_02 -->
