<?xml version="1.0" encoding="UTF-8"?>
<!-- Generated by org.testng.reporters.JUnitReportReporter -->
<testsuite hostname="Kajali-DSG" name="testSuites.TS006" tests="1" failures="0" timestamp="27 Apr 2017 06:12:06 GMT" time="285.500" errors="0">
  <testcase name="GRV1_TS006" time="285.500" classname="testSuites.TS006"/>
</testsuite> <!-- testSuites.TS006 -->
