<?xml version="1.0" encoding="UTF-8"?>
<!-- Generated by org.testng.reporters.JUnitReportReporter -->
<testsuite hostname="Kajali-DSG" name="testSuites.TS005" tests="1" failures="0" timestamp="26 Apr 2017 10:50:16 GMT" time="225.217" errors="0">
  <testcase name="GRV1_TS005" time="225.217" classname="testSuites.TS005"/>
</testsuite> <!-- testSuites.TS005 -->
