<?xml version="1.0" encoding="UTF-8"?>
<!-- Generated by org.testng.reporters.JUnitReportReporter -->
<testsuite hostname="Kajali-DSG" name="testSuites.TS004" tests="1" failures="0" timestamp="26 Apr 2017 05:55:20 GMT" time="250.525" errors="0">
  <testcase name="GRV1_TS004" time="250.525" classname="testSuites.TS004"/>
</testsuite> <!-- testSuites.TS004 -->
