<?xml version="1.0" encoding="UTF-8"?>
<!-- Generated by org.testng.reporters.JUnitReportReporter -->
<testsuite hostname="Kajali-DSG" name="testSuites.TS006andTS007" tests="1" failures="0" timestamp="27 Apr 2017 06:49:37 GMT" time="274.887" errors="0">
  <testcase name="GRV1_TS007" time="274.887" classname="testSuites.TS006andTS007"/>
</testsuite> <!-- testSuites.TS006andTS007 -->
