<?xml version="1.0" encoding="UTF-8"?>
<!-- Generated by org.testng.reporters.JUnitReportReporter -->
<testsuite hostname="Kajali-DSG" name="grv1testSuite.TS0010" tests="1" failures="0" timestamp="1 May 2017 04:53:03 GMT" time="188.067" errors="0">
  <testcase name="GRV1_TS0013" time="188.067" classname="grv1testSuite.TS0010"/>
</testsuite> <!-- grv1testSuite.TS0010 -->
