<?xml version="1.0" encoding="UTF-8"?>
<!-- Generated by org.testng.reporters.JUnitReportReporter -->
<testsuite skipped="0" hostname="Manish-DSG" name="claims.Claim_NGrv" tests="3" failures="0" timestamp="01 Aug 2017 05:11:55 GMT" time="303.772" errors="0">
  <testcase name="NaviagtetoClaim" time="146.605" classname="claims.Claim_NGrv"/>
  <testcase name="scrutinylogin" time="133.837" classname="claims.Claim_NGrv"/>
  <testcase name="backendlogin" time="23.330" classname="claims.Claim_NGrv"/>
</testsuite> <!-- claims.Claim_NGrv -->
