<?xml version="1.0" encoding="UTF-8"?>
<!-- Generated by org.testng.reporters.JUnitReportReporter -->
<testsuite skipped="0" hostname="Manish-DSG" name="claims.Claim_Grv" tests="3" failures="0" timestamp="08 Aug 2017 11:28:41 GMT" time="317.667" errors="0">
  <testcase name="NaviagtetoClaim" time="147.120" classname="claims.Claim_Grv"/>
  <testcase name="scrutinylogin" time="111.147" classname="claims.Claim_Grv"/>
  <testcase name="grvlogin" time="59.400" classname="claims.Claim_Grv"/>
</testsuite> <!-- claims.Claim_Grv -->
