<?xml version="1.0" encoding="UTF-8"?>
<!-- Generated by org.testng.reporters.JUnitReportReporter -->
<testsuite skipped="0" hostname="Manish-DSG" name="claims.Claims_FCR_1" tests="1" failures="0" timestamp="19 Jul 2017 11:46:37 GMT" time="130.002" errors="0">
  <testcase name="NaviagtetoClaim" time="130.002" classname="claims.Claims_FCR_1"/>
</testsuite> <!-- claims.Claims_FCR_1 -->
